#
# There is insufficient memory for the Java Runtime Environment to continue.
# Native memory allocation (malloc) failed to allocate 32744 bytes. Error detail: ChunkPool::allocate
# Possible reasons:
#   The system is out of physical RAM or swap space
#   This process is running with CompressedOops enabled, and the Java Heap may be blocking the growth of the native heap
# Possible solutions:
#   Reduce memory load on the system
#   Increase physical memory or swap space
#   Check if swap backing store is full
#   Decrease Java heap size (-Xmx/-Xms)
#   Decrease number of Java threads
#   Decrease Java thread stack sizes (-Xss)
#   Set larger code cache with -XX:ReservedCodeCacheSize=
#   JVM is running with Unscaled Compressed Oops mode in which the Java heap is
#     placed in the first 4GB address space. The Java Heap base address is the
#     maximum limit for the native heap growth. Please use -XX:HeapBaseMinAddress
#     to set the Java Heap base and to place the Java Heap above 4GB virtual address.
# This output file may be truncated or incomplete.
#
#  Out of Memory Error (arena.cpp:79), pid=16648, tid=3160
#
# JRE version: OpenJDK Runtime Environment Temurin-17.0.11+9 (17.0.11+9) (build 17.0.11+9)
# Java VM: OpenJDK 64-Bit Server VM Temurin-17.0.11+9 (17.0.11+9, mixed mode, tiered, compressed oops, compressed class ptrs, parallel gc, windows-amd64)
# No core dump will be written. Minidumps are not enabled by default on client versions of Windows
#

---------------  S U M M A R Y ------------

Command Line: --add-modules=ALL-SYSTEM --add-opens=java.base/java.util=ALL-UNNAMED --add-opens=java.base/java.lang=ALL-UNNAMED --add-opens=java.base/sun.nio.fs=ALL-UNNAMED -Declipse.application=org.eclipse.jdt.ls.core.id1 -Dosgi.bundles.defaultStartLevel=4 -Declipse.product=org.eclipse.jdt.ls.core.product -Djava.import.generatesMetadataFilesAtProjectRoot=false -DDetectVMInstallationsJob.disabled=true -Dfile.encoding=utf8 -XX:+UseParallelGC -XX:GCTimeRatio=4 -XX:AdaptiveSizePolicyWeight=90 -Dsun.zip.disableMemoryMapping=true -Xmx1G -Xms100m -Xlog:disable -javaagent:c:\Users\apatricio\.vscode\extensions\redhat.java-1.32.0-win32-x64\lombok\lombok-1.18.33.jar c:\Users\apatricio\.vscode\extensions\redhat.java-1.32.0-win32-x64\server\plugins\org.eclipse.equinox.launcher_1.6.900.v20240613-2009.jar -configuration c:\Users\apatricio\AppData\Roaming\Code\User\globalStorage\redhat.java\1.32.0\config_ss_win -data c:\Users\apatricio\AppData\Roaming\Code\User\workspaceStorage\ac5dec9a154a8477d4441788f511dbdd\redhat.java\ss_ws --pipe=\\.\pipe\lsp-93d8664145a9003aaa77a5f8151bcf85-sock

Host: 11th Gen Intel(R) Core(TM) i5-1135G7 @ 2.40GHz, 8 cores, 15G,  Windows 11 , 64 bit Build 22621 (10.0.22621.3672)
Time: Mon Jul  8 21:55:43 2024 Hora oficial do Brasil elapsed time: 15.809101 seconds (0d 0h 0m 15s)

---------------  T H R E A D  ---------------

Current thread (0x000001d0990b7080):  JavaThread "C2 CompilerThread0" daemon [_thread_in_native, id=3160, stack(0x0000008be7c00000,0x0000008be7d00000)]


Current CompileTask:
C2:  15809 5815   !   4       org.eclipse.osgi.internal.loader.classpath.ClasspathManager::defineClass (636 bytes)

Stack: [0x0000008be7c00000,0x0000008be7d00000]
Native frames: (J=compiled Java code, j=interpreted, Vv=VM code, C=native code)
V  [jvm.dll+0x67d429]
V  [jvm.dll+0x834b7a]
V  [jvm.dll+0x83663e]
V  [jvm.dll+0x836ca3]
V  [jvm.dll+0x247dbf]
V  [jvm.dll+0xac731]
V  [jvm.dll+0xacb7c]
V  [jvm.dll+0x341a85]
V  [jvm.dll+0x3467b8]
V  [jvm.dll+0x34cb2c]
V  [jvm.dll+0x1a902c]
V  [jvm.dll+0x2ae4e4]
V  [jvm.dll+0x695875]
V  [jvm.dll+0x68d82b]
V  [jvm.dll+0x68ce67]
V  [jvm.dll+0x68ad52]
V  [jvm.dll+0x1a85ac]
V  [jvm.dll+0x219468]
V  [jvm.dll+0x1a534d]
V  [jvm.dll+0x2295cd]
V  [jvm.dll+0x22779c]
V  [jvm.dll+0x7e9d07]
V  [jvm.dll+0x7e410a]
V  [jvm.dll+0x67c315]
C  [ucrtbase.dll+0x29333]
C  [KERNEL32.DLL+0x1257d]
C  [ntdll.dll+0x5af28]


---------------  P R O C E S S  ---------------

Threads class SMR info:
_java_thread_list=0x000001d09d07b170, length=30, elements={
0x000001d0ffd9d8b0, 0x000001d099097380, 0x000001d09442e3a0, 0x000001d09443bc30,
0x000001d09443c500, 0x000001d09443e950, 0x000001d0990b2f80, 0x000001d0990b7080,
0x000001d0990ba910, 0x000001d099128b90, 0x000001d0ffdbced0, 0x000001d0993f18b0,
0x000001d09b0daa70, 0x000001d09b0db490, 0x000001d09b0da560, 0x000001d09b0dcde0,
0x000001d09b0db9a0, 0x000001d09b0daf80, 0x000001d09b0dbeb0, 0x000001d09c8664f0,
0x000001d09c868d70, 0x000001d09c865ad0, 0x000001d09c866a00, 0x000001d09c865fe0,
0x000001d09c869280, 0x000001d09c86abd0, 0x000001d09c867e40, 0x000001d09c867420,
0x000001d09c866f10, 0x000001d09c868860
}

Java Threads: ( => current thread )
  0x000001d0ffd9d8b0 JavaThread "main" [_thread_blocked, id=15268, stack(0x0000008be7300000,0x0000008be7400000)]
  0x000001d099097380 JavaThread "Reference Handler" daemon [_thread_blocked, id=440, stack(0x0000008be7600000,0x0000008be7700000)]
  0x000001d09442e3a0 JavaThread "Finalizer" daemon [_thread_blocked, id=36088, stack(0x0000008be7700000,0x0000008be7800000)]
  0x000001d09443bc30 JavaThread "Signal Dispatcher" daemon [_thread_blocked, id=28496, stack(0x0000008be7800000,0x0000008be7900000)]
  0x000001d09443c500 JavaThread "Attach Listener" daemon [_thread_blocked, id=31140, stack(0x0000008be7900000,0x0000008be7a00000)]
  0x000001d09443e950 JavaThread "Service Thread" daemon [_thread_blocked, id=31440, stack(0x0000008be7a00000,0x0000008be7b00000)]
  0x000001d0990b2f80 JavaThread "Monitor Deflation Thread" daemon [_thread_blocked, id=17492, stack(0x0000008be7b00000,0x0000008be7c00000)]
=>0x000001d0990b7080 JavaThread "C2 CompilerThread0" daemon [_thread_in_native, id=3160, stack(0x0000008be7c00000,0x0000008be7d00000)]
  0x000001d0990ba910 JavaThread "C1 CompilerThread0" daemon [_thread_blocked, id=10644, stack(0x0000008be7d00000,0x0000008be7e00000)]
  0x000001d099128b90 JavaThread "Sweeper thread" daemon [_thread_blocked, id=4264, stack(0x0000008be7e00000,0x0000008be7f00000)]
  0x000001d0ffdbced0 JavaThread "Common-Cleaner" daemon [_thread_blocked, id=29048, stack(0x0000008be7f00000,0x0000008be8000000)]
  0x000001d0993f18b0 JavaThread "Notification Thread" daemon [_thread_blocked, id=15920, stack(0x0000008be8000000,0x0000008be8100000)]
  0x000001d09b0daa70 JavaThread "JNA Cleaner" daemon [_thread_blocked, id=31840, stack(0x0000008be9100000,0x0000008be9200000)]
  0x000001d09b0db490 JavaThread "Thread-2" daemon [_thread_in_native, id=26556, stack(0x0000008be9500000,0x0000008be9600000)]
  0x000001d09b0da560 JavaThread "Thread-3" daemon [_thread_in_native, id=23224, stack(0x0000008be9600000,0x0000008be9700000)]
  0x000001d09b0dcde0 JavaThread "Thread-4" daemon [_thread_in_native, id=15852, stack(0x0000008be9700000,0x0000008be9800000)]
  0x000001d09b0db9a0 JavaThread "Thread-5" daemon [_thread_in_native, id=34540, stack(0x0000008be9800000,0x0000008be9900000)]
  0x000001d09b0daf80 JavaThread "Thread-6" daemon [_thread_in_native, id=36700, stack(0x0000008be9900000,0x0000008be9a00000)]
  0x000001d09b0dbeb0 JavaThread "Thread-7" daemon [_thread_in_native, id=7996, stack(0x0000008be9a00000,0x0000008be9b00000)]
  0x000001d09c8664f0 JavaThread "Thread-8" daemon [_thread_in_native, id=2488, stack(0x0000008be9b00000,0x0000008be9c00000)]
  0x000001d09c868d70 JavaThread "Thread-9" daemon [_thread_in_native, id=32292, stack(0x0000008be9c00000,0x0000008be9d00000)]
  0x000001d09c865ad0 JavaThread "Thread-10" daemon [_thread_in_native, id=19560, stack(0x0000008be9d00000,0x0000008be9e00000)]
  0x000001d09c866a00 JavaThread "pool-2-thread-1" [_thread_blocked, id=2428, stack(0x0000008be9e00000,0x0000008be9f00000)]
  0x000001d09c865fe0 JavaThread "WorkspaceEventsHandler" [_thread_blocked, id=36564, stack(0x0000008be9f00000,0x0000008bea000000)]
  0x000001d09c869280 JavaThread "pool-1-thread-1" [_thread_blocked, id=3612, stack(0x0000008bea000000,0x0000008bea100000)]
  0x000001d09c86abd0 JavaThread "ForkJoinPool.commonPool-worker-1" daemon [_thread_blocked, id=27740, stack(0x0000008bea200000,0x0000008bea300000)]
  0x000001d09c867e40 JavaThread "ForkJoinPool.commonPool-worker-2" daemon [_thread_blocked, id=18000, stack(0x0000008bea300000,0x0000008bea400000)]
  0x000001d09c867420 JavaThread "ForkJoinPool.commonPool-worker-3" daemon [_thread_blocked, id=34008, stack(0x0000008bea400000,0x0000008bea500000)]
  0x000001d09c866f10 JavaThread "ForkJoinPool.commonPool-worker-4" daemon [_thread_blocked, id=19460, stack(0x0000008bea500000,0x0000008bea600000)]
  0x000001d09c868860 JavaThread "pool-3-thread-1" [_thread_blocked, id=19864, stack(0x0000008be8e00000,0x0000008be8f00000)]

Other Threads:
  0x000001d0ffdfebd0 VMThread "VM Thread" [stack: 0x0000008be7500000,0x0000008be7600000] [id=35716]
  0x000001d0992d94b0 WatcherThread [stack: 0x0000008be8100000,0x0000008be8200000] [id=7560]
  0x000001d0ffdb20c0 GCTaskThread "GC Thread#0" [stack: 0x0000008be7400000,0x0000008be7500000] [id=31632]
  0x000001d09ab0b010 GCTaskThread "GC Thread#1" [stack: 0x0000008be8200000,0x0000008be8300000] [id=24804]
  0x000001d09ab0b2d0 GCTaskThread "GC Thread#2" [stack: 0x0000008be8300000,0x0000008be8400000] [id=17712]
  0x000001d09aa27480 GCTaskThread "GC Thread#3" [stack: 0x0000008be8400000,0x0000008be8500000] [id=19700]
  0x000001d09aa27740 GCTaskThread "GC Thread#4" [stack: 0x0000008be8500000,0x0000008be8600000] [id=30172]
  0x000001d09aa27a00 GCTaskThread "GC Thread#5" [stack: 0x0000008be8600000,0x0000008be8700000] [id=27404]
  0x000001d09aa27cc0 GCTaskThread "GC Thread#6" [stack: 0x0000008be8700000,0x0000008be8800000] [id=19624]
  0x000001d09b380ea0 GCTaskThread "GC Thread#7" [stack: 0x0000008be8d00000,0x0000008be8e00000] [id=20804]

Threads with active compile tasks:
C2 CompilerThread0    16311 5815   !   4       org.eclipse.osgi.internal.loader.classpath.ClasspathManager::defineClass (636 bytes)

VM state: not at safepoint (normal execution)

VM Mutex/Monitor currently owned by a thread: None

Heap address: 0x00000000c0000000, size: 1024 MB, Compressed Oops mode: 32-bit

CDS archive(s) not mapped
Compressed class space mapped at: 0x0000000100000000-0x0000000140000000, reserved size: 1073741824
Narrow klass base: 0x0000000000000000, Narrow klass shift: 3, Narrow klass range: 0x140000000

GC Precious Log:
 CPUs: 8 total, 8 available
 Memory: 16082M
 Large Page Support: Disabled
 NUMA Support: Disabled
 Compressed Oops: Enabled (32-bit)
 Alignments: Space 512K, Generation 512K, Heap 2M
 Heap Min Capacity: 100M
 Heap Initial Capacity: 100M
 Heap Max Capacity: 1G
 Pre-touch: Disabled
 Parallel Workers: 8

Heap:
 PSYoungGen      total 24064K, used 10060K [0x00000000eab00000, 0x00000000ec600000, 0x0000000100000000)
  eden space 22016K, 37% used [0x00000000eab00000,0x00000000eb30d598,0x00000000ec080000)
  from space 2048K, 88% used [0x00000000ec400000,0x00000000ec5c5c30,0x00000000ec600000)
  to   space 2560K, 0% used [0x00000000ec100000,0x00000000ec100000,0x00000000ec380000)
 ParOldGen       total 68608K, used 30601K [0x00000000c0000000, 0x00000000c4300000, 0x00000000eab00000)
  object space 68608K, 44% used [0x00000000c0000000,0x00000000c1de24c0,0x00000000c4300000)
 Metaspace       used 49079K, committed 49920K, reserved 1114112K
  class space    used 4921K, committed 5312K, reserved 1048576K

Card table byte_map: [0x000001d091cd0000,0x000001d091ee0000] _byte_map_base: 0x000001d0916d0000

Marking Bits: (ParMarkBitMap*) 0x00007ffbd3ddd820
 Begin Bits: [0x000001d092040000, 0x000001d093040000)
 End Bits:   [0x000001d093040000, 0x000001d094040000)

Polling page: 0x000001d0ffe00000

Metaspace:

Usage:
  Non-class:     43.12 MB used.
      Class:      4.81 MB used.
       Both:     47.93 MB used.

Virtual space:
  Non-class space:       64.00 MB reserved,      43.56 MB ( 68%) committed,  1 nodes.
      Class space:        1.00 GB reserved,       5.19 MB ( <1%) committed,  1 nodes.
             Both:        1.06 GB reserved,      48.75 MB (  4%) committed. 

Chunk freelists:
   Non-Class:  4.03 MB
       Class:  10.83 MB
        Both:  14.86 MB

MaxMetaspaceSize: unlimited
CompressedClassSpaceSize: 1.00 GB
Initial GC threshold: 21.00 MB
Current GC threshold: 58.38 MB
CDS: off
MetaspaceReclaimPolicy: balanced
 - commit_granule_bytes: 65536.
 - commit_granule_words: 8192.
 - virtual_space_node_default_size: 8388608.
 - enlarge_chunks_in_place: 1.
 - new_chunks_are_fully_committed: 0.
 - uncommit_free_chunks: 1.
 - use_allocation_guard: 0.
 - handle_deallocations: 1.


Internal statistics:

num_allocs_failed_limit: 6.
num_arena_births: 472.
num_arena_deaths: 14.
num_vsnodes_births: 2.
num_vsnodes_deaths: 0.
num_space_committed: 780.
num_space_uncommitted: 0.
num_chunks_returned_to_freelist: 20.
num_chunks_taken_from_freelist: 2201.
num_chunk_merges: 8.
num_chunk_splits: 1392.
num_chunks_enlarged: 882.
num_inconsistent_stats: 0.

CodeHeap 'non-profiled nmethods': size=120000Kb used=3179Kb max_used=3179Kb free=116820Kb
 bounds [0x000001d08a6b0000, 0x000001d08a9e0000, 0x000001d091be0000]
CodeHeap 'profiled nmethods': size=120000Kb used=11448Kb max_used=11448Kb free=108551Kb
 bounds [0x000001d082be0000, 0x000001d083710000, 0x000001d08a110000]
CodeHeap 'non-nmethods': size=5760Kb used=1355Kb max_used=1414Kb free=4404Kb
 bounds [0x000001d08a110000, 0x000001d08a380000, 0x000001d08a6b0000]
 total_blobs=5786 nmethods=5095 adapters=602
 compilation: enabled
              stopped_count=0, restarted_count=0
 full_count=0

Compilation events (20 events):
Event: 15.721 Thread 0x000001d0990b7080 nmethod 5798 0x000001d08a7c5290 code [0x000001d08a7c5420, 0x000001d08a7c56d8]
Event: 15.721 Thread 0x000001d0990b7080 5802       4       java.util.HashMap::getNode (150 bytes)
Event: 15.724 Thread 0x000001d0990b7080 nmethod 5802 0x000001d08a7c4c10 code [0x000001d08a7c4da0, 0x000001d08a7c5058]
Event: 15.724 Thread 0x000001d0990b7080 5803       4       java.util.regex.Pattern$BmpCharPropertyGreedy::match (89 bytes)
Event: 15.729 Thread 0x000001d0990b7080 nmethod 5803 0x000001d08a7c4310 code [0x000001d08a7c44c0, 0x000001d08a7c48a8]
Event: 15.763 Thread 0x000001d0990ba910 5808   !   3       org.eclipse.osgi.internal.log.ExtendedLogReaderServiceFactory::safeIsLoggable (30 bytes)
Event: 15.763 Thread 0x000001d0990ba910 nmethod 5808 0x000001d0836f5e90 code [0x000001d0836f6080, 0x000001d0836f6688]
Event: 15.774 Thread 0x000001d0990b7080 5809       4       org.eclipse.osgi.framework.eventmgr.CopyOnWriteIdentityMap$Snapshot$SnapshotIterator::hasNext (15 bytes)
Event: 15.775 Thread 0x000001d0990b7080 nmethod 5809 0x000001d08a7c4010 code [0x000001d08a7c4180, 0x000001d08a7c4218]
Event: 15.775 Thread 0x000001d0990ba910 5810       3       org.eclipse.core.runtime.ServiceCaller$ReferenceAndService::bundleChanged (32 bytes)
Event: 15.775 Thread 0x000001d0990ba910 nmethod 5810 0x000001d0836f6890 code [0x000001d0836f6ac0, 0x000001d0836f7238]
Event: 15.777 Thread 0x000001d0990ba910 5811       3       com.sun.org.apache.xerces.internal.util.ParserConfigurationSettings::addRecognizedFeatures (56 bytes)
Event: 15.778 Thread 0x000001d0990ba910 nmethod 5811 0x000001d0836f7690 code [0x000001d0836f7860, 0x000001d0836f7c98]
Event: 15.778 Thread 0x000001d0990ba910 5812       3       com.sun.org.apache.xerces.internal.impl.XMLDocumentScannerImpl::getFeatureDefault (40 bytes)
Event: 15.778 Thread 0x000001d0990ba910 nmethod 5812 0x000001d0836f7e90 code [0x000001d0836f8060, 0x000001d0836f8338]
Event: 15.779 Thread 0x000001d0990ba910 5813       3       com.sun.org.apache.xml.internal.serializer.WriterToUTF8Buffered::write (296 bytes)
Event: 15.779 Thread 0x000001d0990ba910 nmethod 5813 0x000001d0836f8490 code [0x000001d0836f8680, 0x000001d0836f8ce8]
Event: 15.780 Thread 0x000001d0990b7080 5814       4       java.util.concurrent.ConcurrentHashMap::put (8 bytes)
Event: 15.781 Thread 0x000001d0990b7080 nmethod 5814 0x000001d08a7c3d10 code [0x000001d08a7c3ea0, 0x000001d08a7c3f48]
Event: 15.781 Thread 0x000001d0990b7080 5815   !   4       org.eclipse.osgi.internal.loader.classpath.ClasspathManager::defineClass (636 bytes)

GC Heap History (20 events):
Event: 8.372 GC heap before
{Heap before GC invocations=21 (full 2):
 PSYoungGen      total 22528K, used 22528K [0x00000000eab00000, 0x00000000ec500000, 0x0000000100000000)
  eden space 22016K, 100% used [0x00000000eab00000,0x00000000ec080000,0x00000000ec080000)
  from space 512K, 100% used [0x00000000ec480000,0x00000000ec500000,0x00000000ec500000)
  to   space 1536K, 0% used [0x00000000ec200000,0x00000000ec200000,0x00000000ec380000)
 ParOldGen       total 68608K, used 21875K [0x00000000c0000000, 0x00000000c4300000, 0x00000000eab00000)
  object space 68608K, 31% used [0x00000000c0000000,0x00000000c155cc70,0x00000000c4300000)
 Metaspace       used 46112K, committed 46848K, reserved 1114112K
  class space    used 4645K, committed 4992K, reserved 1048576K
}
Event: 8.373 GC heap after
{Heap after GC invocations=21 (full 2):
 PSYoungGen      total 23552K, used 1449K [0x00000000eab00000, 0x00000000ec500000, 0x0000000100000000)
  eden space 22016K, 0% used [0x00000000eab00000,0x00000000eab00000,0x00000000ec080000)
  from space 1536K, 94% used [0x00000000ec200000,0x00000000ec36a568,0x00000000ec380000)
  to   space 1536K, 0% used [0x00000000ec380000,0x00000000ec380000,0x00000000ec500000)
 ParOldGen       total 68608K, used 22409K [0x00000000c0000000, 0x00000000c4300000, 0x00000000eab00000)
  object space 68608K, 32% used [0x00000000c0000000,0x00000000c15e24f0,0x00000000c4300000)
 Metaspace       used 46112K, committed 46848K, reserved 1114112K
  class space    used 4645K, committed 4992K, reserved 1048576K
}
Event: 8.443 GC heap before
{Heap before GC invocations=22 (full 2):
 PSYoungGen      total 23552K, used 23465K [0x00000000eab00000, 0x00000000ec500000, 0x0000000100000000)
  eden space 22016K, 100% used [0x00000000eab00000,0x00000000ec080000,0x00000000ec080000)
  from space 1536K, 94% used [0x00000000ec200000,0x00000000ec36a568,0x00000000ec380000)
  to   space 1536K, 0% used [0x00000000ec380000,0x00000000ec380000,0x00000000ec500000)
 ParOldGen       total 68608K, used 22409K [0x00000000c0000000, 0x00000000c4300000, 0x00000000eab00000)
  object space 68608K, 32% used [0x00000000c0000000,0x00000000c15e24f0,0x00000000c4300000)
 Metaspace       used 46127K, committed 46848K, reserved 1114112K
  class space    used 4645K, committed 4992K, reserved 1048576K
}
Event: 8.444 GC heap after
{Heap after GC invocations=22 (full 2):
 PSYoungGen      total 22528K, used 400K [0x00000000eab00000, 0x00000000ec400000, 0x0000000100000000)
  eden space 22016K, 0% used [0x00000000eab00000,0x00000000eab00000,0x00000000ec080000)
  from space 512K, 78% used [0x00000000ec380000,0x00000000ec3e4150,0x00000000ec400000)
  to   space 1024K, 0% used [0x00000000ec200000,0x00000000ec200000,0x00000000ec300000)
 ParOldGen       total 68608K, used 23685K [0x00000000c0000000, 0x00000000c4300000, 0x00000000eab00000)
  object space 68608K, 34% used [0x00000000c0000000,0x00000000c1721700,0x00000000c4300000)
 Metaspace       used 46127K, committed 46848K, reserved 1114112K
  class space    used 4645K, committed 4992K, reserved 1048576K
}
Event: 8.512 GC heap before
{Heap before GC invocations=23 (full 2):
 PSYoungGen      total 22528K, used 22416K [0x00000000eab00000, 0x00000000ec400000, 0x0000000100000000)
  eden space 22016K, 100% used [0x00000000eab00000,0x00000000ec080000,0x00000000ec080000)
  from space 512K, 78% used [0x00000000ec380000,0x00000000ec3e4150,0x00000000ec400000)
  to   space 1024K, 0% used [0x00000000ec200000,0x00000000ec200000,0x00000000ec300000)
 ParOldGen       total 68608K, used 23685K [0x00000000c0000000, 0x00000000c4300000, 0x00000000eab00000)
  object space 68608K, 34% used [0x00000000c0000000,0x00000000c1721700,0x00000000c4300000)
 Metaspace       used 46342K, committed 47040K, reserved 1114112K
  class space    used 4678K, committed 4992K, reserved 1048576K
}
Event: 8.514 GC heap after
{Heap after GC invocations=23 (full 2):
 PSYoungGen      total 23040K, used 704K [0x00000000eab00000, 0x00000000ec400000, 0x0000000100000000)
  eden space 22016K, 0% used [0x00000000eab00000,0x00000000eab00000,0x00000000ec080000)
  from space 1024K, 68% used [0x00000000ec200000,0x00000000ec2b0020,0x00000000ec300000)
  to   space 1024K, 0% used [0x00000000ec300000,0x00000000ec300000,0x00000000ec400000)
 ParOldGen       total 68608K, used 24676K [0x00000000c0000000, 0x00000000c4300000, 0x00000000eab00000)
  object space 68608K, 35% used [0x00000000c0000000,0x00000000c18193d0,0x00000000c4300000)
 Metaspace       used 46342K, committed 47040K, reserved 1114112K
  class space    used 4678K, committed 4992K, reserved 1048576K
}
Event: 8.546 GC heap before
{Heap before GC invocations=24 (full 2):
 PSYoungGen      total 23040K, used 22720K [0x00000000eab00000, 0x00000000ec400000, 0x0000000100000000)
  eden space 22016K, 100% used [0x00000000eab00000,0x00000000ec080000,0x00000000ec080000)
  from space 1024K, 68% used [0x00000000ec200000,0x00000000ec2b0020,0x00000000ec300000)
  to   space 1024K, 0% used [0x00000000ec300000,0x00000000ec300000,0x00000000ec400000)
 ParOldGen       total 68608K, used 24676K [0x00000000c0000000, 0x00000000c4300000, 0x00000000eab00000)
  object space 68608K, 35% used [0x00000000c0000000,0x00000000c18193d0,0x00000000c4300000)
 Metaspace       used 46342K, committed 47040K, reserved 1114112K
  class space    used 4678K, committed 4992K, reserved 1048576K
}
Event: 8.547 GC heap after
{Heap after GC invocations=24 (full 2):
 PSYoungGen      total 23040K, used 576K [0x00000000eab00000, 0x00000000ec400000, 0x0000000100000000)
  eden space 22016K, 0% used [0x00000000eab00000,0x00000000eab00000,0x00000000ec080000)
  from space 1024K, 56% used [0x00000000ec300000,0x00000000ec390000,0x00000000ec400000)
  to   space 1024K, 0% used [0x00000000ec200000,0x00000000ec200000,0x00000000ec300000)
 ParOldGen       total 68608K, used 25270K [0x00000000c0000000, 0x00000000c4300000, 0x00000000eab00000)
  object space 68608K, 36% used [0x00000000c0000000,0x00000000c18ad8a8,0x00000000c4300000)
 Metaspace       used 46342K, committed 47040K, reserved 1114112K
  class space    used 4678K, committed 4992K, reserved 1048576K
}
Event: 8.580 GC heap before
{Heap before GC invocations=25 (full 2):
 PSYoungGen      total 23040K, used 22592K [0x00000000eab00000, 0x00000000ec400000, 0x0000000100000000)
  eden space 22016K, 100% used [0x00000000eab00000,0x00000000ec080000,0x00000000ec080000)
  from space 1024K, 56% used [0x00000000ec300000,0x00000000ec390000,0x00000000ec400000)
  to   space 1024K, 0% used [0x00000000ec200000,0x00000000ec200000,0x00000000ec300000)
 ParOldGen       total 68608K, used 25270K [0x00000000c0000000, 0x00000000c4300000, 0x00000000eab00000)
  object space 68608K, 36% used [0x00000000c0000000,0x00000000c18ad8a8,0x00000000c4300000)
 Metaspace       used 46342K, committed 47040K, reserved 1114112K
  class space    used 4678K, committed 4992K, reserved 1048576K
}
Event: 8.581 GC heap after
{Heap after GC invocations=25 (full 2):
 PSYoungGen      total 23040K, used 672K [0x00000000eab00000, 0x00000000ec380000, 0x0000000100000000)
  eden space 22016K, 0% used [0x00000000eab00000,0x00000000eab00000,0x00000000ec080000)
  from space 1024K, 65% used [0x00000000ec200000,0x00000000ec2a8000,0x00000000ec300000)
  to   space 512K, 0% used [0x00000000ec300000,0x00000000ec300000,0x00000000ec380000)
 ParOldGen       total 68608K, used 25774K [0x00000000c0000000, 0x00000000c4300000, 0x00000000eab00000)
  object space 68608K, 37% used [0x00000000c0000000,0x00000000c192b8a8,0x00000000c4300000)
 Metaspace       used 46342K, committed 47040K, reserved 1114112K
  class space    used 4678K, committed 4992K, reserved 1048576K
}
Event: 8.657 GC heap before
{Heap before GC invocations=26 (full 2):
 PSYoungGen      total 23040K, used 22688K [0x00000000eab00000, 0x00000000ec380000, 0x0000000100000000)
  eden space 22016K, 100% used [0x00000000eab00000,0x00000000ec080000,0x00000000ec080000)
  from space 1024K, 65% used [0x00000000ec200000,0x00000000ec2a8000,0x00000000ec300000)
  to   space 512K, 0% used [0x00000000ec300000,0x00000000ec300000,0x00000000ec380000)
 ParOldGen       total 68608K, used 25774K [0x00000000c0000000, 0x00000000c4300000, 0x00000000eab00000)
  object space 68608K, 37% used [0x00000000c0000000,0x00000000c192b8a8,0x00000000c4300000)
 Metaspace       used 46375K, committed 47104K, reserved 1114112K
  class space    used 4678K, committed 4992K, reserved 1048576K
}
Event: 8.659 GC heap after
{Heap after GC invocations=26 (full 2):
 PSYoungGen      total 22528K, used 480K [0x00000000eab00000, 0x00000000ec380000, 0x0000000100000000)
  eden space 22016K, 0% used [0x00000000eab00000,0x00000000eab00000,0x00000000ec080000)
  from space 512K, 93% used [0x00000000ec300000,0x00000000ec378020,0x00000000ec380000)
  to   space 1536K, 0% used [0x00000000ec080000,0x00000000ec080000,0x00000000ec200000)
 ParOldGen       total 68608K, used 26608K [0x00000000c0000000, 0x00000000c4300000, 0x00000000eab00000)
  object space 68608K, 38% used [0x00000000c0000000,0x00000000c19fc1c8,0x00000000c4300000)
 Metaspace       used 46375K, committed 47104K, reserved 1114112K
  class space    used 4678K, committed 4992K, reserved 1048576K
}
Event: 8.691 GC heap before
{Heap before GC invocations=27 (full 2):
 PSYoungGen      total 22528K, used 22496K [0x00000000eab00000, 0x00000000ec380000, 0x0000000100000000)
  eden space 22016K, 100% used [0x00000000eab00000,0x00000000ec080000,0x00000000ec080000)
  from space 512K, 93% used [0x00000000ec300000,0x00000000ec378020,0x00000000ec380000)
  to   space 1536K, 0% used [0x00000000ec080000,0x00000000ec080000,0x00000000ec200000)
 ParOldGen       total 68608K, used 26608K [0x00000000c0000000, 0x00000000c4300000, 0x00000000eab00000)
  object space 68608K, 38% used [0x00000000c0000000,0x00000000c19fc1c8,0x00000000c4300000)
 Metaspace       used 46375K, committed 47104K, reserved 1114112K
  class space    used 4678K, committed 4992K, reserved 1048576K
}
Event: 8.692 GC heap after
{Heap after GC invocations=27 (full 2):
 PSYoungGen      total 23552K, used 640K [0x00000000eab00000, 0x00000000ec380000, 0x0000000100000000)
  eden space 22016K, 0% used [0x00000000eab00000,0x00000000eab00000,0x00000000ec080000)
  from space 1536K, 41% used [0x00000000ec080000,0x00000000ec120000,0x00000000ec200000)
  to   space 1024K, 0% used [0x00000000ec280000,0x00000000ec280000,0x00000000ec380000)
 ParOldGen       total 68608K, used 27104K [0x00000000c0000000, 0x00000000c4300000, 0x00000000eab00000)
  object space 68608K, 39% used [0x00000000c0000000,0x00000000c1a781e8,0x00000000c4300000)
 Metaspace       used 46375K, committed 47104K, reserved 1114112K
  class space    used 4678K, committed 4992K, reserved 1048576K
}
Event: 9.126 GC heap before
{Heap before GC invocations=28 (full 2):
 PSYoungGen      total 23552K, used 22655K [0x00000000eab00000, 0x00000000ec380000, 0x0000000100000000)
  eden space 22016K, 99% used [0x00000000eab00000,0x00000000ec07ffe8,0x00000000ec080000)
  from space 1536K, 41% used [0x00000000ec080000,0x00000000ec120000,0x00000000ec200000)
  to   space 1024K, 0% used [0x00000000ec280000,0x00000000ec280000,0x00000000ec380000)
 ParOldGen       total 68608K, used 27104K [0x00000000c0000000, 0x00000000c4300000, 0x00000000eab00000)
  object space 68608K, 39% used [0x00000000c0000000,0x00000000c1a781e8,0x00000000c4300000)
 Metaspace       used 47297K, committed 48064K, reserved 1114112K
  class space    used 4765K, committed 5120K, reserved 1048576K
}
Event: 9.128 GC heap after
{Heap after GC invocations=28 (full 2):
 PSYoungGen      total 23040K, used 1024K [0x00000000eab00000, 0x00000000ec480000, 0x0000000100000000)
  eden space 22016K, 0% used [0x00000000eab00000,0x00000000eab00000,0x00000000ec080000)
  from space 1024K, 100% used [0x00000000ec280000,0x00000000ec380000,0x00000000ec380000)
  to   space 2048K, 0% used [0x00000000ec080000,0x00000000ec080000,0x00000000ec280000)
 ParOldGen       total 68608K, used 27714K [0x00000000c0000000, 0x00000000c4300000, 0x00000000eab00000)
  object space 68608K, 40% used [0x00000000c0000000,0x00000000c1b10b18,0x00000000c4300000)
 Metaspace       used 47297K, committed 48064K, reserved 1114112K
  class space    used 4765K, committed 5120K, reserved 1048576K
}
Event: 9.376 GC heap before
{Heap before GC invocations=29 (full 2):
 PSYoungGen      total 23040K, used 23040K [0x00000000eab00000, 0x00000000ec480000, 0x0000000100000000)
  eden space 22016K, 100% used [0x00000000eab00000,0x00000000ec080000,0x00000000ec080000)
  from space 1024K, 100% used [0x00000000ec280000,0x00000000ec380000,0x00000000ec380000)
  to   space 2048K, 0% used [0x00000000ec080000,0x00000000ec080000,0x00000000ec280000)
 ParOldGen       total 68608K, used 27714K [0x00000000c0000000, 0x00000000c4300000, 0x00000000eab00000)
  object space 68608K, 40% used [0x00000000c0000000,0x00000000c1b10b18,0x00000000c4300000)
 Metaspace       used 47765K, committed 48576K, reserved 1114112K
  class space    used 4798K, committed 5184K, reserved 1048576K
}
Event: 9.379 GC heap after
{Heap after GC invocations=29 (full 2):
 PSYoungGen      total 24064K, used 2032K [0x00000000eab00000, 0x00000000ec780000, 0x0000000100000000)
  eden space 22016K, 0% used [0x00000000eab00000,0x00000000eab00000,0x00000000ec080000)
  from space 2048K, 99% used [0x00000000ec080000,0x00000000ec27c050,0x00000000ec280000)
  to   space 3584K, 0% used [0x00000000ec400000,0x00000000ec400000,0x00000000ec780000)
 ParOldGen       total 68608K, used 28714K [0x00000000c0000000, 0x00000000c4300000, 0x00000000eab00000)
  object space 68608K, 41% used [0x00000000c0000000,0x00000000c1c0ab90,0x00000000c4300000)
 Metaspace       used 47765K, committed 48576K, reserved 1114112K
  class space    used 4798K, committed 5184K, reserved 1048576K
}
Event: 9.678 GC heap before
{Heap before GC invocations=30 (full 2):
 PSYoungGen      total 24064K, used 24048K [0x00000000eab00000, 0x00000000ec780000, 0x0000000100000000)
  eden space 22016K, 100% used [0x00000000eab00000,0x00000000ec080000,0x00000000ec080000)
  from space 2048K, 99% used [0x00000000ec080000,0x00000000ec27c050,0x00000000ec280000)
  to   space 3584K, 0% used [0x00000000ec400000,0x00000000ec400000,0x00000000ec780000)
 ParOldGen       total 68608K, used 28714K [0x00000000c0000000, 0x00000000c4300000, 0x00000000eab00000)
  object space 68608K, 41% used [0x00000000c0000000,0x00000000c1c0ab90,0x00000000c4300000)
 Metaspace       used 48394K, committed 49152K, reserved 1114112K
  class space    used 4840K, committed 5184K, reserved 1048576K
}
Event: 9.681 GC heap after
{Heap after GC invocations=30 (full 2):
 PSYoungGen      total 24064K, used 1815K [0x00000000eab00000, 0x00000000ec600000, 0x0000000100000000)
  eden space 22016K, 0% used [0x00000000eab00000,0x00000000eab00000,0x00000000ec080000)
  from space 2048K, 88% used [0x00000000ec400000,0x00000000ec5c5c30,0x00000000ec600000)
  to   space 2560K, 0% used [0x00000000ec100000,0x00000000ec100000,0x00000000ec380000)
 ParOldGen       total 68608K, used 30601K [0x00000000c0000000, 0x00000000c4300000, 0x00000000eab00000)
  object space 68608K, 44% used [0x00000000c0000000,0x00000000c1de24c0,0x00000000c4300000)
 Metaspace       used 48394K, committed 49152K, reserved 1114112K
  class space    used 4840K, committed 5184K, reserved 1048576K
}

Dll operation events (10 events):
Event: 0.053 Loaded shared library c:\Users\apatricio\.vscode\extensions\redhat.java-1.32.0-win32-x64\jre\17.0.11-win32-x86_64\bin\java.dll
Event: 0.247 Loaded shared library c:\Users\apatricio\.vscode\extensions\redhat.java-1.32.0-win32-x64\jre\17.0.11-win32-x86_64\bin\zip.dll
Event: 0.254 Loaded shared library C:\Users\apatricio\.vscode\extensions\redhat.java-1.32.0-win32-x64\jre\17.0.11-win32-x86_64\bin\instrument.dll
Event: 0.290 Loaded shared library C:\Users\apatricio\.vscode\extensions\redhat.java-1.32.0-win32-x64\jre\17.0.11-win32-x86_64\bin\net.dll
Event: 0.304 Loaded shared library C:\Users\apatricio\.vscode\extensions\redhat.java-1.32.0-win32-x64\jre\17.0.11-win32-x86_64\bin\nio.dll
Event: 0.319 Loaded shared library C:\Users\apatricio\.vscode\extensions\redhat.java-1.32.0-win32-x64\jre\17.0.11-win32-x86_64\bin\zip.dll
Event: 0.335 Loaded shared library C:\Users\apatricio\.vscode\extensions\redhat.java-1.32.0-win32-x64\jre\17.0.11-win32-x86_64\bin\jimage.dll
Event: 0.457 Loaded shared library c:\Users\apatricio\.vscode\extensions\redhat.java-1.32.0-win32-x64\jre\17.0.11-win32-x86_64\bin\verify.dll
Event: 2.099 Loaded shared library C:\Users\apatricio\AppData\Roaming\Code\User\globalStorage\redhat.java\1.32.0\config_ss_win\org.eclipse.equinox.launcher\org.eclipse.equinox.launcher.win32.win32.x86_64_1.2.1100.v20240613-2013\eclipse_11903.dll
Event: 4.735 Loaded shared library C:\Users\apatricio\AppData\Local\Temp\jna-2014838736\jna16527613908327199614.dll

Deoptimization events (20 events):
Event: 15.054 Thread 0x000001d09c8650b0 Uncommon trap: trap_request=0xffffffde fr.pc=0x000001d08a8098e4 relative=0x0000000000000764
Event: 15.054 Thread 0x000001d09c8650b0 Uncommon trap: reason=class_check action=maybe_recompile pc=0x000001d08a8098e4 method=java.util.HashMap.computeIfAbsent(Ljava/lang/Object;Ljava/util/function/Function;)Ljava/lang/Object; @ 188 c2
Event: 15.054 Thread 0x000001d09c8650b0 DEOPT PACKING pc=0x000001d08a8098e4 sp=0x0000008bea6fee10
Event: 15.055 Thread 0x000001d09c8650b0 DEOPT UNPACKING pc=0x000001d08a169ea3 sp=0x0000008bea6fedb8 mode 2
Event: 15.055 Thread 0x000001d09c8650b0 Uncommon trap: trap_request=0xffffffde fr.pc=0x000001d08a8098e4 relative=0x0000000000000764
Event: 15.055 Thread 0x000001d09c8650b0 Uncommon trap: reason=class_check action=maybe_recompile pc=0x000001d08a8098e4 method=java.util.HashMap.computeIfAbsent(Ljava/lang/Object;Ljava/util/function/Function;)Ljava/lang/Object; @ 188 c2
Event: 15.055 Thread 0x000001d09c8650b0 DEOPT PACKING pc=0x000001d08a8098e4 sp=0x0000008bea6fee10
Event: 15.055 Thread 0x000001d09c8650b0 DEOPT UNPACKING pc=0x000001d08a169ea3 sp=0x0000008bea6fedb8 mode 2
Event: 15.057 Thread 0x000001d09c8650b0 Uncommon trap: trap_request=0xffffff45 fr.pc=0x000001d08a884a68 relative=0x00000000000001e8
Event: 15.057 Thread 0x000001d09c8650b0 Uncommon trap: reason=unstable_if action=reinterpret pc=0x000001d08a884a68 method=java.io.BufferedOutputStream.write(I)V @ 9 c2
Event: 15.057 Thread 0x000001d09c8650b0 DEOPT PACKING pc=0x000001d08a884a68 sp=0x0000008bea6fe5c0
Event: 15.057 Thread 0x000001d09c8650b0 DEOPT UNPACKING pc=0x000001d08a169ea3 sp=0x0000008bea6fe568 mode 2
Event: 15.167 Thread 0x000001d09c8650b0 Uncommon trap: trap_request=0xffffff45 fr.pc=0x000001d08a820350 relative=0x0000000000003a50
Event: 15.167 Thread 0x000001d09c8650b0 Uncommon trap: reason=unstable_if action=reinterpret pc=0x000001d08a820350 method=jdk.internal.org.objectweb.asm.Frame.push(I)V @ 26 c2
Event: 15.167 Thread 0x000001d09c8650b0 DEOPT PACKING pc=0x000001d08a820350 sp=0x0000008bea6fd4c0
Event: 15.167 Thread 0x000001d09c8650b0 DEOPT UNPACKING pc=0x000001d08a169ea3 sp=0x0000008bea6fd3e8 mode 2
Event: 15.706 Thread 0x000001d09c869280 Uncommon trap: trap_request=0x0000002e fr.pc=0x000001d08a8152a0 relative=0x00000000000003e0
Event: 15.706 Thread 0x000001d09c869280 Uncommon trap: reason=unloaded action=reinterpret pc=0x000001d08a8152a0 method=org.eclipse.jdt.ls.core.internal.ConnectionStreamFactory$NamedPipeInputStream.read()I @ 119 c2
Event: 15.706 Thread 0x000001d09c869280 DEOPT PACKING pc=0x000001d08a8152a0 sp=0x0000008bea0ff2f0
Event: 15.706 Thread 0x000001d09c869280 DEOPT UNPACKING pc=0x000001d08a169ea3 sp=0x0000008bea0ff2a0 mode 2

Classes unloaded (7 events):
Event: 3.196 Thread 0x000001d0ffdfebd0 Unloading class 0x000000010021a400 'java/lang/invoke/LambdaForm$MH+0x000000010021a400'
Event: 3.196 Thread 0x000001d0ffdfebd0 Unloading class 0x000000010021a000 'java/lang/invoke/LambdaForm$MH+0x000000010021a000'
Event: 3.196 Thread 0x000001d0ffdfebd0 Unloading class 0x0000000100219c00 'java/lang/invoke/LambdaForm$MH+0x0000000100219c00'
Event: 3.196 Thread 0x000001d0ffdfebd0 Unloading class 0x0000000100219800 'java/lang/invoke/LambdaForm$MH+0x0000000100219800'
Event: 3.196 Thread 0x000001d0ffdfebd0 Unloading class 0x0000000100219400 'java/lang/invoke/LambdaForm$BMH+0x0000000100219400'
Event: 3.196 Thread 0x000001d0ffdfebd0 Unloading class 0x0000000100219000 'java/lang/invoke/LambdaForm$DMH+0x0000000100219000'
Event: 3.196 Thread 0x000001d0ffdfebd0 Unloading class 0x0000000100214400 'java/lang/invoke/LambdaForm$DMH+0x0000000100214400'

Classes redefined (0 events):
No events

Internal exceptions (20 events):
Event: 9.419 Thread 0x000001d09c8650b0 Exception <a 'sun/nio/fs/WindowsException'{0x00000000eb06cd88}> (0x00000000eb06cd88) 
thrown [s\src\hotspot\share\prims\jni.cpp, line 516]
Event: 9.497 Thread 0x000001d09c8650b0 Exception <a 'sun/nio/fs/WindowsException'{0x00000000eb8b7da0}> (0x00000000eb8b7da0) 
thrown [s\src\hotspot\share\prims\jni.cpp, line 516]
Event: 9.637 Thread 0x000001d09c8650b0 Exception <a 'sun/nio/fs/WindowsException'{0x00000000ebef1060}> (0x00000000ebef1060) 
thrown [s\src\hotspot\share\prims\jni.cpp, line 516]
Event: 9.724 Thread 0x000001d09c8650b0 Exception <a 'sun/nio/fs/WindowsException'{0x00000000eabee648}> (0x00000000eabee648) 
thrown [s\src\hotspot\share\prims\jni.cpp, line 516]
Event: 9.811 Thread 0x000001d09c8650b0 Exception <a 'sun/nio/fs/WindowsException'{0x00000000eac11f58}> (0x00000000eac11f58) 
thrown [s\src\hotspot\share\prims\jni.cpp, line 516]
Event: 9.852 Thread 0x000001d09c8650b0 Exception <a 'sun/nio/fs/WindowsException'{0x00000000eac6c030}> (0x00000000eac6c030) 
thrown [s\src\hotspot\share\prims\jni.cpp, line 516]
Event: 9.871 Thread 0x000001d09c8650b0 Exception <a 'sun/nio/fs/WindowsException'{0x00000000eac871a0}> (0x00000000eac871a0) 
thrown [s\src\hotspot\share\prims\jni.cpp, line 516]
Event: 9.885 Thread 0x000001d09c8650b0 Exception <a 'sun/nio/fs/WindowsException'{0x00000000eac9ffb0}> (0x00000000eac9ffb0) 
thrown [s\src\hotspot\share\prims\jni.cpp, line 516]
Event: 9.903 Thread 0x000001d09c8650b0 Exception <a 'sun/nio/fs/WindowsException'{0x00000000eacc1958}> (0x00000000eacc1958) 
thrown [s\src\hotspot\share\prims\jni.cpp, line 516]
Event: 9.920 Thread 0x000001d09c8650b0 Exception <a 'sun/nio/fs/WindowsException'{0x00000000eacdf650}> (0x00000000eacdf650) 
thrown [s\src\hotspot\share\prims\jni.cpp, line 516]
Event: 9.935 Thread 0x000001d09c8650b0 Exception <a 'sun/nio/fs/WindowsException'{0x00000000eacfb0f8}> (0x00000000eacfb0f8) 
thrown [s\src\hotspot\share\prims\jni.cpp, line 516]
Event: 9.953 Thread 0x000001d09c8650b0 Exception <a 'sun/nio/fs/WindowsException'{0x00000000ead316e8}> (0x00000000ead316e8) 
thrown [s\src\hotspot\share\prims\jni.cpp, line 516]
Event: 15.168 Thread 0x000001d09c8650b0 Exception <a 'java/lang/NoSuchMethodError'{0x00000000eaf3ebc0}: 'java.lang.Object java.lang.invoke.DirectMethodHandle$Holder.newInvokeSpecial(java.lang.Object, java.lang.Object, java.lang.Object, java.lang.Object, java.lang.Object, java.lang.Object, java.lang.Object, java.lang.Object, java.lang.Object, java.lang.Object)'> (0x00000000eaf3ebc0) 
thrown [s\src\hotspot\share\interpreter\linkResolver.cpp, line 759]
Event: 15.171 Thread 0x000001d09c8650b0 Exception <a 'java/lang/NoSuchMethodError'{0x00000000eaf43af0}: 'java.lang.Object java.lang.invoke.DirectMethodHandle$Holder.invokeSpecial(java.lang.Object, java.lang.Object, java.lang.Object, java.lang.Object, java.lang.Object, java.lang.Object, java.lang.Object, java.lang.Object, java.lang.Object, java.lang.Object, java.lang.Object)'> (0x00000000eaf43af0) 
thrown [s\src\hotspot\share\interpreter\linkResolver.cpp, line 759]
Event: 15.171 Thread 0x000001d09c8650b0 Exception <a 'java/lang/NoSuchMethodError'{0x00000000eaf48000}: 'java.lang.Object java.lang.invoke.Invokers$Holder.linkToTargetMethod(java.lang.Object, java.lang.Object, java.lang.Object, java.lang.Object, java.lang.Object, java.lang.Object, java.lang.Object, java.lang.Object, java.lang.Object, java.lang.Object)'> (0x00000000eaf48000) 
thrown [s\src\hotspot\share\interpreter\linkResolver.cpp, line 759]
Event: 15.546 Thread 0x000001d09c8650b0 Exception <a 'sun/nio/fs/WindowsException'{0x00000000eb00f020}> (0x00000000eb00f020) 
thrown [s\src\hotspot\share\prims\jni.cpp, line 516]
Event: 15.705 Thread 0x000001d09c869280 Exception <a 'java/io/IOException'{0x00000000eae3f2d8}> (0x00000000eae3f2d8) 
thrown [s\src\hotspot\share\prims\jni.cpp, line 516]
Event: 15.716 Thread 0x000001d09c869280 Exception <a 'java/lang/ClassNotFoundException'{0x00000000eb110ef8}: sun/util/logging/resources/spi/loggingProvider> (0x00000000eb110ef8) 
thrown [s\src\hotspot\share\classfile\systemDictionary.cpp, line 256]
Event: 15.777 Thread 0x000001d09c864690 Exception <a 'sun/nio/fs/WindowsException'{0x00000000eb195798}> (0x00000000eb195798) 
thrown [s\src\hotspot\share\prims\jni.cpp, line 516]
Event: 15.777 Thread 0x000001d09c864690 Exception <a 'sun/nio/fs/WindowsException'{0x00000000eb195df0}> (0x00000000eb195df0) 
thrown [s\src\hotspot\share\prims\jni.cpp, line 516]

VM Operations (20 events):
Event: 9.126 Executing VM operation: ParallelGCFailedAllocation
Event: 9.129 Executing VM operation: ParallelGCFailedAllocation done
Event: 9.267 Executing VM operation: ICBufferFull
Event: 9.267 Executing VM operation: ICBufferFull done
Event: 9.298 Executing VM operation: HandshakeAllThreads
Event: 9.298 Executing VM operation: HandshakeAllThreads done
Event: 9.373 Executing VM operation: ParallelGCFailedAllocation
Event: 9.380 Executing VM operation: ParallelGCFailedAllocation done
Event: 9.468 Executing VM operation: HandshakeAllThreads
Event: 9.468 Executing VM operation: HandshakeAllThreads done
Event: 9.563 Executing VM operation: ICBufferFull
Event: 9.567 Executing VM operation: ICBufferFull done
Event: 9.678 Executing VM operation: ParallelGCFailedAllocation
Event: 9.681 Executing VM operation: ParallelGCFailedAllocation done
Event: 11.688 Executing VM operation: Cleanup
Event: 11.688 Executing VM operation: Cleanup done
Event: 15.053 Executing VM operation: HandshakeAllThreads
Event: 15.053 Executing VM operation: HandshakeAllThreads done
Event: 15.053 Executing VM operation: Cleanup
Event: 15.053 Executing VM operation: Cleanup done

Events (20 events):
Event: 15.715 loading class java/lang/Throwable$PrintStreamOrWriter done
Event: 15.715 loading class java/lang/Throwable$WrappedPrintWriter done
Event: 15.716 loading class java/util/logging/Level$RbAccess
Event: 15.716 loading class java/util/logging/Level$RbAccess done
Event: 15.716 loading class sun/util/logging/resources/logging
Event: 15.716 loading class sun/util/logging/resources/logging done
Event: 15.717 loading class sun/util/logging/resources/logging_pt
Event: 15.717 loading class sun/util/logging/resources/logging_pt done
Event: 15.717 loading class sun/util/logging/resources/logging_pt
Event: 15.717 loading class sun/util/logging/resources/logging_pt done
Event: 15.717 loading class sun/util/logging/resources/logging_pt_BR
Event: 15.717 loading class sun/util/logging/resources/logging_pt_BR done
Event: 15.718 loading class java/util/Formatter$DateTime
Event: 15.718 loading class java/util/Formatter$DateTime done
Event: 15.718 loading class java/time/ZonedDateTime$1
Event: 15.718 loading class java/time/ZonedDateTime$1 done
Event: 15.718 loading class java/time/LocalDate$1
Event: 15.718 loading class java/time/LocalDate$1 done
Event: 15.769 loading class javax/security/auth/login/Configuration
Event: 15.770 loading class javax/security/auth/login/Configuration done


Dynamic libraries:
0x00007ff60c940000 - 0x00007ff60c94e000 	c:\Users\apatricio\.vscode\extensions\redhat.java-1.32.0-win32-x64\jre\17.0.11-win32-x86_64\bin\java.exe
0x00007ffc46db0000 - 0x00007ffc46fc7000 	C:\WINDOWS\SYSTEM32\ntdll.dll
0x00007ffc44af0000 - 0x00007ffc44bb4000 	C:\WINDOWS\System32\KERNEL32.DLL
0x00007ffc44110000 - 0x00007ffc444bc000 	C:\WINDOWS\System32\KERNELBASE.dll
0x00007ffc444c0000 - 0x00007ffc445d1000 	C:\WINDOWS\System32\ucrtbase.dll
0x00007ffc2f1b0000 - 0x00007ffc2f1c7000 	c:\Users\apatricio\.vscode\extensions\redhat.java-1.32.0-win32-x64\jre\17.0.11-win32-x86_64\bin\jli.dll
0x00007ffc44bc0000 - 0x00007ffc44d6e000 	C:\WINDOWS\System32\USER32.dll
0x00007ffc44ac0000 - 0x00007ffc44ae6000 	C:\WINDOWS\System32\win32u.dll
0x00007ffc45940000 - 0x00007ffc45969000 	C:\WINDOWS\System32\GDI32.dll
0x00007ffc445e0000 - 0x00007ffc446f9000 	C:\WINDOWS\System32\gdi32full.dll
0x00007ffc44770000 - 0x00007ffc4480a000 	C:\WINDOWS\System32\msvcp_win.dll
0x00007ffc1f650000 - 0x00007ffc1f66b000 	c:\Users\apatricio\.vscode\extensions\redhat.java-1.32.0-win32-x64\jre\17.0.11-win32-x86_64\bin\VCRUNTIME140.dll
0x00007ffc36ae0000 - 0x00007ffc36d73000 	C:\WINDOWS\WinSxS\amd64_microsoft.windows.common-controls_6595b64144ccf1df_6.0.22621.3672_none_2713b9d173822955\COMCTL32.dll
0x00007ffc46950000 - 0x00007ffc469f7000 	C:\WINDOWS\System32\msvcrt.dll
0x00007ffc46c50000 - 0x00007ffc46c81000 	C:\WINDOWS\System32\IMM32.DLL
0x00007ffc3aa50000 - 0x00007ffc3ac52000 	C:\WINDOWS\system32\tmumh\20019\AddOn\8.55.0.1288\TmUmEvt64.dll
0x00007ffc46180000 - 0x00007ffc46188000 	C:\WINDOWS\System32\PSAPI.DLL
0x00007ffc46000000 - 0x00007ffc460b2000 	C:\WINDOWS\System32\ADVAPI32.dll
0x00007ffc460c0000 - 0x00007ffc4616a000 	C:\WINDOWS\System32\sechost.dll
0x00007ffc440e0000 - 0x00007ffc44108000 	C:\WINDOWS\System32\bcrypt.dll
0x00007ffc464a0000 - 0x00007ffc465b5000 	C:\WINDOWS\System32\RPCRT4.dll
0x000000005e470000 - 0x000000005e607000 	C:\WINDOWS\system32\tmumh\20019\TmMon\2.9.0.1084\tmmon64.dll
0x00007ffc164c0000 - 0x00007ffc167fe000 	C:\WINDOWS\System32\TmLWE\TmUmSnsr64\1.0.0.1132\TmUmSnsr64.dll
0x00007ffc43110000 - 0x00007ffc43128000 	C:\WINDOWS\SYSTEM32\kernel.appcore.dll
0x00007ffc30dd0000 - 0x00007ffc30ddc000 	c:\Users\apatricio\.vscode\extensions\redhat.java-1.32.0-win32-x64\jre\17.0.11-win32-x86_64\bin\vcruntime140_1.dll
0x00007ffc15de0000 - 0x00007ffc15e6d000 	c:\Users\apatricio\.vscode\extensions\redhat.java-1.32.0-win32-x64\jre\17.0.11-win32-x86_64\bin\msvcp140.dll
0x00007ffbd3240000 - 0x00007ffbd3ea2000 	c:\Users\apatricio\.vscode\extensions\redhat.java-1.32.0-win32-x64\jre\17.0.11-win32-x86_64\bin\server\jvm.dll
0x00007ffc43fa0000 - 0x00007ffc43fed000 	C:\WINDOWS\SYSTEM32\POWRPROF.dll
0x00007ffc1d8a0000 - 0x00007ffc1d8a9000 	C:\WINDOWS\SYSTEM32\WSOCK32.dll
0x00007ffc46400000 - 0x00007ffc46471000 	C:\WINDOWS\System32\WS2_32.dll
0x00007ffc3be10000 - 0x00007ffc3be44000 	C:\WINDOWS\SYSTEM32\WINMM.dll
0x00007ffc3bb60000 - 0x00007ffc3bb6a000 	C:\WINDOWS\SYSTEM32\VERSION.dll
0x00007ffc43ed0000 - 0x00007ffc43ee3000 	C:\WINDOWS\SYSTEM32\UMPDC.dll
0x00007ffc29140000 - 0x00007ffc2914a000 	c:\Users\apatricio\.vscode\extensions\redhat.java-1.32.0-win32-x64\jre\17.0.11-win32-x86_64\bin\jimage.dll
0x00007ffc41820000 - 0x00007ffc41a52000 	C:\WINDOWS\SYSTEM32\DBGHELP.DLL
0x00007ffc465c0000 - 0x00007ffc46948000 	C:\WINDOWS\System32\combase.dll
0x00007ffc46c90000 - 0x00007ffc46d67000 	C:\WINDOWS\System32\OLEAUT32.dll
0x00007ffc3b550000 - 0x00007ffc3b582000 	C:\WINDOWS\SYSTEM32\dbgcore.DLL
0x00007ffc44810000 - 0x00007ffc4488b000 	C:\WINDOWS\System32\bcryptPrimitives.dll
0x00007ffc26800000 - 0x00007ffc2680e000 	c:\Users\apatricio\.vscode\extensions\redhat.java-1.32.0-win32-x64\jre\17.0.11-win32-x86_64\bin\instrument.dll
0x00007ffc1d970000 - 0x00007ffc1d995000 	c:\Users\apatricio\.vscode\extensions\redhat.java-1.32.0-win32-x64\jre\17.0.11-win32-x86_64\bin\java.dll
0x00007ffc1cc20000 - 0x00007ffc1cc38000 	c:\Users\apatricio\.vscode\extensions\redhat.java-1.32.0-win32-x64\jre\17.0.11-win32-x86_64\bin\zip.dll
0x00007ffc44e30000 - 0x00007ffc4568c000 	C:\WINDOWS\System32\SHELL32.dll
0x00007ffc41f80000 - 0x00007ffc42877000 	C:\WINDOWS\SYSTEM32\windows.storage.dll
0x00007ffc41e40000 - 0x00007ffc41f7f000 	C:\WINDOWS\SYSTEM32\wintypes.dll
0x00007ffc462a0000 - 0x00007ffc46394000 	C:\WINDOWS\System32\SHCORE.dll
0x00007ffc44dd0000 - 0x00007ffc44e2e000 	C:\WINDOWS\System32\shlwapi.dll
0x00007ffc44010000 - 0x00007ffc44031000 	C:\WINDOWS\SYSTEM32\profapi.dll
0x00007ffc1de50000 - 0x00007ffc1de69000 	C:\Users\apatricio\.vscode\extensions\redhat.java-1.32.0-win32-x64\jre\17.0.11-win32-x86_64\bin\net.dll
0x00007ffc3d180000 - 0x00007ffc3d2b6000 	C:\WINDOWS\SYSTEM32\WINHTTP.dll
0x00007ffc43580000 - 0x00007ffc435e9000 	C:\WINDOWS\system32\mswsock.dll
0x00007ffc160f0000 - 0x00007ffc16106000 	C:\Users\apatricio\.vscode\extensions\redhat.java-1.32.0-win32-x64\jre\17.0.11-win32-x86_64\bin\nio.dll
0x00007ffc264e0000 - 0x00007ffc264f0000 	c:\Users\apatricio\.vscode\extensions\redhat.java-1.32.0-win32-x64\jre\17.0.11-win32-x86_64\bin\verify.dll
0x00007ffc09d70000 - 0x00007ffc09db4000 	C:\Users\apatricio\AppData\Roaming\Code\User\globalStorage\redhat.java\1.32.0\config_ss_win\org.eclipse.equinox.launcher\org.eclipse.equinox.launcher.win32.win32.x86_64_1.2.1100.v20240613-2013\eclipse_11903.dll
0x00007ffc46aa0000 - 0x00007ffc46c45000 	C:\WINDOWS\System32\ole32.dll
0x00007ffc437e0000 - 0x00007ffc437fb000 	C:\WINDOWS\SYSTEM32\CRYPTSP.dll
0x00007ffc43070000 - 0x00007ffc430a5000 	C:\WINDOWS\system32\rsaenh.dll
0x00007ffc43680000 - 0x00007ffc436a8000 	C:\WINDOWS\SYSTEM32\USERENV.dll
0x00007ffc43800000 - 0x00007ffc4380c000 	C:\WINDOWS\SYSTEM32\CRYPTBASE.dll
0x00007ffc429a0000 - 0x00007ffc429cd000 	C:\WINDOWS\SYSTEM32\IPHLPAPI.DLL
0x00007ffc46190000 - 0x00007ffc46199000 	C:\WINDOWS\System32\NSI.dll
0x00007ffc3dee0000 - 0x00007ffc3def9000 	C:\WINDOWS\SYSTEM32\dhcpcsvc6.DLL
0x00007ffc3df00000 - 0x00007ffc3df1f000 	C:\WINDOWS\SYSTEM32\dhcpcsvc.DLL
0x00007ffc429d0000 - 0x00007ffc42ac8000 	C:\WINDOWS\SYSTEM32\DNSAPI.dll
0x00007ffc08f90000 - 0x00007ffc08fd5000 	C:\Users\apatricio\AppData\Local\Temp\jna-2014838736\jna16527613908327199614.dll
0x00007ffc43130000 - 0x00007ffc43164000 	C:\WINDOWS\SYSTEM32\ntmarta.dll

dbghelp: loaded successfully - version: 4.0.5 - missing functions: none
symbol engine: initialized successfully - sym options: 0x614 - pdb path: .;c:\Users\apatricio\.vscode\extensions\redhat.java-1.32.0-win32-x64\jre\17.0.11-win32-x86_64\bin;C:\WINDOWS\SYSTEM32;C:\WINDOWS\WinSxS\amd64_microsoft.windows.common-controls_6595b64144ccf1df_6.0.22621.3672_none_2713b9d173822955;C:\WINDOWS\system32\tmumh\20019\AddOn\8.55.0.1288;C:\WINDOWS\system32\tmumh\20019\TmMon\2.9.0.1084;C:\WINDOWS\System32\TmLWE\TmUmSnsr64\1.0.0.1132;c:\Users\apatricio\.vscode\extensions\redhat.java-1.32.0-win32-x64\jre\17.0.11-win32-x86_64\bin\server;C:\Users\apatricio\AppData\Roaming\Code\User\globalStorage\redhat.java\1.32.0\config_ss_win\org.eclipse.equinox.launcher\org.eclipse.equinox.launcher.win32.win32.x86_64_1.2.1100.v20240613-2013;C:\Users\apatricio\AppData\Local\Temp\jna-2014838736

VM Arguments:
jvm_args: --add-modules=ALL-SYSTEM --add-opens=java.base/java.util=ALL-UNNAMED --add-opens=java.base/java.lang=ALL-UNNAMED --add-opens=java.base/sun.nio.fs=ALL-UNNAMED -Declipse.application=org.eclipse.jdt.ls.core.id1 -Dosgi.bundles.defaultStartLevel=4 -Declipse.product=org.eclipse.jdt.ls.core.product -Djava.import.generatesMetadataFilesAtProjectRoot=false -DDetectVMInstallationsJob.disabled=true -Dfile.encoding=utf8 -XX:+UseParallelGC -XX:GCTimeRatio=4 -XX:AdaptiveSizePolicyWeight=90 -Dsun.zip.disableMemoryMapping=true -Xmx1G -Xms100m -Xlog:disable -javaagent:c:\Users\apatricio\.vscode\extensions\redhat.java-1.32.0-win32-x64\lombok\lombok-1.18.33.jar 
java_command: c:\Users\apatricio\.vscode\extensions\redhat.java-1.32.0-win32-x64\server\plugins\org.eclipse.equinox.launcher_1.6.900.v20240613-2009.jar -configuration c:\Users\apatricio\AppData\Roaming\Code\User\globalStorage\redhat.java\1.32.0\config_ss_win -data c:\Users\apatricio\AppData\Roaming\Code\User\workspaceStorage\ac5dec9a154a8477d4441788f511dbdd\redhat.java\ss_ws --pipe=\\.\pipe\lsp-93d8664145a9003aaa77a5f8151bcf85-sock
java_class_path (initial): c:\Users\apatricio\.vscode\extensions\redhat.java-1.32.0-win32-x64\server\plugins\org.eclipse.equinox.launcher_1.6.900.v20240613-2009.jar
Launcher Type: SUN_STANDARD

[Global flags]
    uintx AdaptiveSizePolicyWeight                 = 90                                        {product} {command line}
     intx CICompilerCount                          = 4                                         {product} {ergonomic}
    uintx GCTimeRatio                              = 4                                         {product} {command line}
   size_t InitialHeapSize                          = 104857600                                 {product} {command line}
   size_t MaxHeapSize                              = 1073741824                                {product} {command line}
   size_t MaxNewSize                               = 357564416                                 {product} {ergonomic}
   size_t MinHeapDeltaBytes                        = 524288                                    {product} {ergonomic}
   size_t MinHeapSize                              = 104857600                                 {product} {command line}
   size_t NewSize                                  = 34603008                                  {product} {ergonomic}
    uintx NonNMethodCodeHeapSize                   = 5839372                                {pd product} {ergonomic}
    uintx NonProfiledCodeHeapSize                  = 122909434                              {pd product} {ergonomic}
   size_t OldSize                                  = 70254592                                  {product} {ergonomic}
    uintx ProfiledCodeHeapSize                     = 122909434                              {pd product} {ergonomic}
    uintx ReservedCodeCacheSize                    = 251658240                              {pd product} {ergonomic}
     bool SegmentedCodeCache                       = true                                      {product} {ergonomic}
   size_t SoftMaxHeapSize                          = 1073741824                             {manageable} {ergonomic}
     bool UseCompressedClassPointers               = true                           {product lp64_product} {ergonomic}
     bool UseCompressedOops                        = true                           {product lp64_product} {ergonomic}
     bool UseLargePagesIndividualAllocation        = false                                  {pd product} {ergonomic}
     bool UseParallelGC                            = true                                      {product} {command line}

Logging:
Log output configuration:
 #0: stdout all=off uptime,level,tags
 #1: stderr all=off uptime,level,tags

Environment Variables:
PATH=C:\Program Files (x86)\Common Files\Oracle\Java\javapath;C:\Python311\Scripts\;C:\Python311\;C:\WINDOWS\system32;C:\WINDOWS;C:\WINDOWS\System32\Wbem;C:\WINDOWS\System32\WindowsPowerShell\v1.0\;C:\WINDOWS\System32\OpenSSH\;C:\Program Files\TortoiseSVN\bin;C:\Program Files\nodejs\;C:\ProgramData\chocolatey\bin;C:\Program Files\Git\cmd;C:\Users\apatricio\AppData\Local\Microsoft\WindowsApps;C:\Users\apatricio\AppData\Local\Programs\Microsoft VS Code\bin;C:\Users\apatricio\AppData\Roaming\npm;C:\Program Files\JetBrains\IntelliJ IDEA 2023.2\bin;;C:\Program Files\Graphviz\bin;C:\Program Files\PostgreSQL\16\bin;
USERNAME=apatricio
OS=Windows_NT
PROCESSOR_IDENTIFIER=Intel64 Family 6 Model 140 Stepping 1, GenuineIntel
TMP=C:\Users\APATRI~1\AppData\Local\Temp
TEMP=C:\Users\APATRI~1\AppData\Local\Temp



Periodic native trim disabled


---------------  S Y S T E M  ---------------

OS:
 Windows 11 , 64 bit Build 22621 (10.0.22621.3672)
OS uptime: 24 days 13:11 hours

CPU: total 8 (initial active 8) (4 cores per cpu, 2 threads per core) family 6 model 140 stepping 1 microcode 0x86, cx8, cmov, fxsr, ht, mmx, 3dnowpref, sse, sse2, sse3, ssse3, sse4.1, sse4.2, popcnt, lzcnt, tsc, tscinvbit, avx, avx2, aes, erms, clmul, bmi1, bmi2, adx, avx512f, avx512dq, avx512cd, avx512bw, avx512vl, sha, fma, vzeroupper, avx512_vpopcntdq, avx512_vpclmulqdq, avx512_vaes, avx512_vnni, clflush, clflushopt, clwb, avx512_vbmi2, avx512_vbmi
Processor Information for all 8 processors :
  Max Mhz: 2419, Current Mhz: 2419, Mhz Limit: 2419

Memory: 4k page, system-wide physical 16082M (926M free)
TotalPageFile size 46222M (AvailPageFile size 65M)
current process WorkingSet (physical memory assigned to process): 182M, peak: 237M
current process commit charge ("private bytes"): 263M, peak: 323M

vm_info: OpenJDK 64-Bit Server VM (17.0.11+9) for windows-amd64 JRE (17.0.11+9), built on Apr 17 2024 06:07:48 by "admin" with MS VC++ 16.10 / 16.11 (VS2019)

END.
